<?xml version="1.0" encoding="UTF-8"?>
<!-- Generated by org.testng.reporters.JUnitXMLReporter -->
<testsuite ignored="2" hostname="DESKTOP-R49V28S" failures="0" tests="6" name="TestRunner-Firefox" time="58.679" errors="0" timestamp="2025-09-18T16:10:53 IST">
  <testcase classname="com.comcast.crm.OrganizationTest.CreateOrgTest" name="createContactWithPhoneNumber" time="5.199"/>
  <testcase classname="com.comcast.crm.OrganizationTest.CreateOrgTest" name="createOrgTest" time="4.986"/>
  <testcase classname="com.comcast.crm.OrganizationTest.CreateOrgTest" name="createOrgWithIndustries" time="5.244"/>
  <testcase classname="com.comcast.crm.ContactsTest.CreateContactTest" name="createContactTest" time="5.569"/>
  <testcase classname="com.comcast.crm.ContactsTest.CreateContactTest" name="createContactWithDate" time="5.019"/>
  <testcase classname="com.comcast.crm.ContactsTest.CreateContactTest" name="createContactWithOrg" time="10.326"/>
  <testcase classname="com.comcast.crm.basetest.BaseClass" name="@AfterSuite configAS" time="0.0">
    <ignored/>
  </testcase> <!-- @AfterSuite configAS -->
  <testcase classname="com.comcast.crm.basetest.BaseClass" name="@BeforeSuite configBeforeSuite" time="0.0">
    <ignored/>
  </testcase> <!-- @BeforeSuite configBeforeSuite -->
</testsuite> <!-- TestRunner-Firefox -->
