<?xml version="1.0" encoding="UTF-8"?>
<testng-results ignored="0" total="1" passed="0" failed="1" skipped="0">
  <reporter-output>
  </reporter-output>
  <suite started-at="2025-10-06T18:00:07 IST" name="Default suite" finished-at="2025-10-06T18:00:27 IST" duration-ms="19835">
    <groups>
      <group name="SmokeTest">
        <method signature="CreateOrgTest.createOrgTest()[pri:0, instance:com.comcast.crm.OrganizationTest.CreateOrgTest@3ad83a66]" name="createOrgTest" class="com.comcast.crm.OrganizationTest.CreateOrgTest"/>
      </group> <!-- SmokeTest -->
    </groups>
    <test started-at="2025-10-06T18:00:07 IST" name="Default test" finished-at="2025-10-06T18:00:27 IST" duration-ms="19835">
      <class name="com.comcast.crm.OrganizationTest.CreateOrgTest">
        <test-method is-config="true" signature="configBeforeSuite()[pri:0, instance:com.comcast.crm.OrganizationTest.CreateOrgTest@3ad83a66]" started-at="2025-10-06T18:00:06 IST" name="configBeforeSuite" finished-at="2025-10-06T18:00:07 IST" duration-ms="1244" status="PASS">
          <reporter-output>
          </reporter-output>
        </test-method> <!-- configBeforeSuite -->
        <test-method is-config="true" signature="createClassTest()[pri:0, instance:com.comcast.crm.OrganizationTest.CreateOrgTest@3ad83a66]" started-at="2025-10-06T18:00:07 IST" name="createClassTest" finished-at="2025-10-06T18:00:13 IST" duration-ms="6352" status="PASS">
          <reporter-output>
          </reporter-output>
        </test-method> <!-- createClassTest -->
        <test-method is-config="true" signature="configBM()[pri:0, instance:com.comcast.crm.OrganizationTest.CreateOrgTest@3ad83a66]" started-at="2025-10-06T18:00:13 IST" name="configBM" finished-at="2025-10-06T18:00:25 IST" duration-ms="11664" status="PASS">
          <reporter-output>
          </reporter-output>
        </test-method> <!-- configBM -->
        <test-method signature="createOrgTest()[pri:0, instance:com.comcast.crm.OrganizationTest.CreateOrgTest@3ad83a66]" started-at="2025-10-06T18:00:25 IST" name="createOrgTest" finished-at="2025-10-06T18:00:25 IST" duration-ms="23" status="FAIL">
          <exception class="java.lang.NullPointerException">
            <message>
              <![CDATA[Cannot invoke "com.aventstack.extentreports.ExtentTest.log(com.aventstack.extentreports.Status, String)" because the return value of "com.comcast.crm.generic.webdriverutility.UtilityClassObject.getTest()" is null]]>
            </message>
            <full-stacktrace>
              <![CDATA[java.lang.NullPointerException: Cannot invoke "com.aventstack.extentreports.ExtentTest.log(com.aventstack.extentreports.Status, String)" because the return value of "com.comcast.crm.generic.webdriverutility.UtilityClassObject.getTest()" is null
at com.comcast.crm.OrganizationTest.CreateOrgTest.createOrgTest(CreateOrgTest.java:23)
at java.base/jdk.internal.reflect.DirectMethodHandleAccessor.invoke(DirectMethodHandleAccessor.java:103)
at java.base/java.lang.reflect.Method.invoke(Method.java:580)
at org.testng.internal.invokers.MethodInvocationHelper.invokeMethod(MethodInvocationHelper.java:141)
at org.testng.internal.invokers.TestInvoker.invokeMethod(TestInvoker.java:686)
at org.testng.internal.invokers.TestInvoker.invokeTestMethod(TestInvoker.java:230)
at org.testng.internal.invokers.MethodRunner.runInSequence(MethodRunner.java:63)
at org.testng.internal.invokers.TestInvoker$MethodInvocationAgent.invoke(TestInvoker.java:992)
at org.testng.internal.invokers.TestInvoker.invokeTestMethods(TestInvoker.java:203)
at org.testng.internal.invokers.TestMethodWorker.invokeTestMethods(TestMethodWorker.java:154)
at org.testng.internal.invokers.TestMethodWorker.run(TestMethodWorker.java:134)
at java.base/java.util.ArrayList.forEach(ArrayList.java:1597)
at org.testng.TestRunner.privateRun(TestRunner.java:739)
at org.testng.TestRunner.run(TestRunner.java:614)
at org.testng.SuiteRunner.runTest(SuiteRunner.java:421)
at org.testng.SuiteRunner.runSequentially(SuiteRunner.java:413)
at org.testng.SuiteRunner.privateRun(SuiteRunner.java:373)
at org.testng.SuiteRunner.run(SuiteRunner.java:312)
at org.testng.SuiteRunnerWorker.runSuite(SuiteRunnerWorker.java:52)
at org.testng.SuiteRunnerWorker.run(SuiteRunnerWorker.java:95)
at org.testng.TestNG.runSuitesSequentially(TestNG.java:1274)
at org.testng.TestNG.runSuitesLocally(TestNG.java:1208)
at org.testng.TestNG.runSuites(TestNG.java:1112)
at org.testng.TestNG.run(TestNG.java:1079)
at org.testng.remote.AbstractRemoteTestNG.run(AbstractRemoteTestNG.java:115)
at org.testng.remote.RemoteTestNG.initAndRun(RemoteTestNG.java:293)
at org.testng.remote.RemoteTestNG.main(RemoteTestNG.java:91)
]]>
            </full-stacktrace>
          </exception> <!-- java.lang.NullPointerException -->
          <reporter-output>
          </reporter-output>
        </test-method> <!-- createOrgTest -->
        <test-method is-config="true" signature="configAM()[pri:0, instance:com.comcast.crm.OrganizationTest.CreateOrgTest@3ad83a66]" started-at="2025-10-06T18:00:25 IST" name="configAM" finished-at="2025-10-06T18:00:26 IST" duration-ms="1142" status="PASS">
          <reporter-output>
          </reporter-output>
        </test-method> <!-- configAM -->
        <test-method is-config="true" signature="configAfterSuite()[pri:0, instance:com.comcast.crm.OrganizationTest.CreateOrgTest@3ad83a66]" started-at="2025-10-06T18:00:26 IST" name="configAfterSuite" finished-at="2025-10-06T18:00:27 IST" duration-ms="561" status="PASS">
          <reporter-output>
          </reporter-output>
        </test-method> <!-- configAfterSuite -->
        <test-method is-config="true" signature="configAS()[pri:0, instance:com.comcast.crm.OrganizationTest.CreateOrgTest@3ad83a66]" started-at="2025-10-06T18:00:27 IST" name="configAS" finished-at="2025-10-06T18:00:27 IST" duration-ms="532" status="PASS">
          <reporter-output>
          </reporter-output>
        </test-method> <!-- configAS -->
      </class> <!-- com.comcast.crm.OrganizationTest.CreateOrgTest -->
    </test> <!-- Default test -->
  </suite> <!-- Default suite -->
</testng-results>
